<?xml version="1.0" encoding="UTF-8"?>
<!-- Generated by org.testng.reporters.JUnitReportReporter -->
<testsuite hostname="LAPTOP-H7R7DK85" failures="0" tests="2" name="org.sdet40.practice.BasicConfigurationPracticeTest" time="0.020" errors="0" timestamp="2022-09-09T10:34:36 IST" skipped="0">
  <testcase classname="org.sdet40.practice.BasicConfigurationPracticeTest" name="test2" time="0.011"/>
  <system-out/>
  <testcase classname="org.sdet40.practice.BasicConfigurationPracticeTest" name="test1" time="0.009"/>
  <system-out/>
</testsuite> <!-- org.sdet40.practice.BasicConfigurationPracticeTest -->
