<?xml version="1.0" encoding="UTF-8"?>
<!-- Generated by org.testng.reporters.JUnitReportReporter -->
<testsuite hostname="LAPTOP-H7R7DK85" failures="0" tests="1" name="org.sdet40.practice.MavenCMDPractice" time="5.242" errors="0" timestamp="2022-09-20T13:08:06 IST" skipped="0">
  <testcase classname="org.sdet40.practice.MavenCMDPractice" name="test1" time="5.242"/>
  <system-out/>
</testsuite> <!-- org.sdet40.practice.MavenCMDPractice -->
