<?xml version="1.0" encoding="UTF-8"?>
<!-- Generated by org.testng.reporters.JUnitReportReporter -->
<testsuite hostname="LAPTOP-H7R7DK85" failures="0" tests="1" name="org.providencesms.systemtestscripts.PettyCashTest" time="4.537" errors="0" timestamp="2022-09-19T16:26:15 IST" skipped="0">
  <testcase classname="org.providencesms.systemtestscripts.PettyCashTest" name="pettyCashTest" time="4.537"/>
  <system-out/>
</testsuite> <!-- org.providencesms.systemtestscripts.PettyCashTest -->
